Analysis & Synthesis report for system
Sun Apr 15 22:33:52 2018
Quartus Prime Version 17.1.0 Build 590 10/25/2017 SJ Lite Edition


---------------------
; Table of Contents ;
---------------------
  1. Legal Notice
  2. Analysis & Synthesis Summary
  3. Analysis & Synthesis Settings
  4. Parallel Compilation
  5. Analysis & Synthesis Source Files Read
  6. Analysis & Synthesis Resource Usage Summary
  7. Analysis & Synthesis Resource Utilization by Entity
  8. State Machine - |system|matrix_ctrl:matrix_ctrl_unit_0|state_reg
  9. User-Specified and Inferred Latches
 10. Registers Removed During Synthesis
 11. Removed Registers Triggering Further Register Optimizations
 12. General Register Statistics
 13. Multiplexer Restructuring Statistics (Restructuring Performed)
 14. Parameter Settings for User Entity Instance: Top-level Entity: |system
 15. Parameter Settings for User Entity Instance: matrix_ctrl:matrix_ctrl_unit_0|shift_reg_start_done:shift_reg_start_done_unit_0
 16. Parameter Settings for User Entity Instance: PINTAR_MATRIZ:PINTAR_MATRIZ_T1
 17. Parameter Settings for User Entity Instance: PINTAR_MATRIZ:PINTAR_MATRIZ_T1|PINTAR_DATA_DEMUX:PINTAR_DATA_DEMUX_u1
 18. Port Connectivity Checks: "PINTAR_MATRIZ:PINTAR_MATRIZ_T1"
 19. Port Connectivity Checks: "matrix_ctrl:matrix_ctrl_unit_0|shift_reg_start_done:shift_reg_start_done_unit_0"
 20. Port Connectivity Checks: "matrix_ctrl:matrix_ctrl_unit_0"
 21. Post-Synthesis Netlist Statistics for Top Partition
 22. Elapsed Time Per Partition
 23. Analysis & Synthesis Messages
 24. Analysis & Synthesis Suppressed Messages



----------------
; Legal Notice ;
----------------
Copyright (C) 2017  Intel Corporation. All rights reserved.
Your use of Intel Corporation's design tools, logic functions 
and other software and tools, and its AMPP partner logic 
functions, and any output files from any of the foregoing 
(including device programming or simulation files), and any 
associated documentation or information are expressly subject 
to the terms and conditions of the Intel Program License 
Subscription Agreement, the Intel Quartus Prime License Agreement,
the Intel FPGA IP License Agreement, or other applicable license
agreement, including, without limitation, that your use is for
the sole purpose of programming logic devices manufactured by
Intel and sold by Intel or its authorized distributors.  Please
refer to the applicable agreement for further details.



+----------------------------------------------------------------------------------+
; Analysis & Synthesis Summary                                                     ;
+------------------------------------+---------------------------------------------+
; Analysis & Synthesis Status        ; Successful - Sun Apr 15 22:33:52 2018       ;
; Quartus Prime Version              ; 17.1.0 Build 590 10/25/2017 SJ Lite Edition ;
; Revision Name                      ; system                                      ;
; Top-level Entity Name              ; system                                      ;
; Family                             ; Cyclone IV E                                ;
; Total logic elements               ; 81                                          ;
;     Total combinational functions  ; 81                                          ;
;     Dedicated logic registers      ; 53                                          ;
; Total registers                    ; 53                                          ;
; Total pins                         ; 82                                          ;
; Total virtual pins                 ; 0                                           ;
; Total memory bits                  ; 0                                           ;
; Embedded Multiplier 9-bit elements ; 0                                           ;
; Total PLLs                         ; 0                                           ;
+------------------------------------+---------------------------------------------+


+----------------------------------------------------------------------------------------------------------------------+
; Analysis & Synthesis Settings                                                                                        ;
+----------------------------------------------------------------------------+--------------------+--------------------+
; Option                                                                     ; Setting            ; Default Value      ;
+----------------------------------------------------------------------------+--------------------+--------------------+
; Device                                                                     ; EP4CE22F17C6       ;                    ;
; Top-level entity name                                                      ; system             ; system             ;
; Family name                                                                ; Cyclone IV E       ; Cyclone IV GX      ;
; Use smart compilation                                                      ; Off                ; Off                ;
; Enable parallel Assembler and TimeQuest Timing Analyzer during compilation ; On                 ; On                 ;
; Enable compact report table                                                ; Off                ; Off                ;
; Restructure Multiplexers                                                   ; Auto               ; Auto               ;
; Create Debugging Nodes for IP Cores                                        ; Off                ; Off                ;
; Preserve fewer node names                                                  ; On                 ; On                 ;
; Intel FPGA IP Evaluation Mode                                              ; Enable             ; Enable             ;
; Verilog Version                                                            ; Verilog_2001       ; Verilog_2001       ;
; VHDL Version                                                               ; VHDL_1993          ; VHDL_1993          ;
; State Machine Processing                                                   ; Auto               ; Auto               ;
; Safe State Machine                                                         ; Off                ; Off                ;
; Extract Verilog State Machines                                             ; On                 ; On                 ;
; Extract VHDL State Machines                                                ; On                 ; On                 ;
; Ignore Verilog initial constructs                                          ; Off                ; Off                ;
; Iteration limit for constant Verilog loops                                 ; 5000               ; 5000               ;
; Iteration limit for non-constant Verilog loops                             ; 250                ; 250                ;
; Add Pass-Through Logic to Inferred RAMs                                    ; On                 ; On                 ;
; Infer RAMs from Raw Logic                                                  ; On                 ; On                 ;
; Parallel Synthesis                                                         ; On                 ; On                 ;
; DSP Block Balancing                                                        ; Auto               ; Auto               ;
; NOT Gate Push-Back                                                         ; On                 ; On                 ;
; Power-Up Don't Care                                                        ; On                 ; On                 ;
; Remove Redundant Logic Cells                                               ; Off                ; Off                ;
; Remove Duplicate Registers                                                 ; On                 ; On                 ;
; Ignore CARRY Buffers                                                       ; Off                ; Off                ;
; Ignore CASCADE Buffers                                                     ; Off                ; Off                ;
; Ignore GLOBAL Buffers                                                      ; Off                ; Off                ;
; Ignore ROW GLOBAL Buffers                                                  ; Off                ; Off                ;
; Ignore LCELL Buffers                                                       ; Off                ; Off                ;
; Ignore SOFT Buffers                                                        ; On                 ; On                 ;
; Limit AHDL Integers to 32 Bits                                             ; Off                ; Off                ;
; Optimization Technique                                                     ; Balanced           ; Balanced           ;
; Carry Chain Length                                                         ; 70                 ; 70                 ;
; Auto Carry Chains                                                          ; On                 ; On                 ;
; Auto Open-Drain Pins                                                       ; On                 ; On                 ;
; Perform WYSIWYG Primitive Resynthesis                                      ; Off                ; Off                ;
; Auto ROM Replacement                                                       ; On                 ; On                 ;
; Auto RAM Replacement                                                       ; On                 ; On                 ;
; Auto DSP Block Replacement                                                 ; On                 ; On                 ;
; Auto Shift Register Replacement                                            ; Auto               ; Auto               ;
; Allow Shift Register Merging across Hierarchies                            ; Auto               ; Auto               ;
; Auto Clock Enable Replacement                                              ; On                 ; On                 ;
; Strict RAM Replacement                                                     ; Off                ; Off                ;
; Allow Synchronous Control Signals                                          ; On                 ; On                 ;
; Force Use of Synchronous Clear Signals                                     ; Off                ; Off                ;
; Auto RAM Block Balancing                                                   ; On                 ; On                 ;
; Auto RAM to Logic Cell Conversion                                          ; Off                ; Off                ;
; Auto Resource Sharing                                                      ; Off                ; Off                ;
; Allow Any RAM Size For Recognition                                         ; Off                ; Off                ;
; Allow Any ROM Size For Recognition                                         ; Off                ; Off                ;
; Allow Any Shift Register Size For Recognition                              ; Off                ; Off                ;
; Use LogicLock Constraints during Resource Balancing                        ; On                 ; On                 ;
; Ignore translate_off and synthesis_off directives                          ; Off                ; Off                ;
; Timing-Driven Synthesis                                                    ; On                 ; On                 ;
; Report Parameter Settings                                                  ; On                 ; On                 ;
; Report Source Assignments                                                  ; On                 ; On                 ;
; Report Connectivity Checks                                                 ; On                 ; On                 ;
; Ignore Maximum Fan-Out Assignments                                         ; Off                ; Off                ;
; Synchronization Register Chain Length                                      ; 2                  ; 2                  ;
; Power Optimization During Synthesis                                        ; Normal compilation ; Normal compilation ;
; HDL message level                                                          ; Level2             ; Level2             ;
; Suppress Register Optimization Related Messages                            ; Off                ; Off                ;
; Number of Removed Registers Reported in Synthesis Report                   ; 5000               ; 5000               ;
; Number of Swept Nodes Reported in Synthesis Report                         ; 5000               ; 5000               ;
; Number of Inverted Registers Reported in Synthesis Report                  ; 100                ; 100                ;
; Clock MUX Protection                                                       ; On                 ; On                 ;
; Auto Gated Clock Conversion                                                ; Off                ; Off                ;
; Block Design Naming                                                        ; Auto               ; Auto               ;
; SDC constraint protection                                                  ; Off                ; Off                ;
; Synthesis Effort                                                           ; Auto               ; Auto               ;
; Shift Register Replacement - Allow Asynchronous Clear Signal               ; On                 ; On                 ;
; Pre-Mapping Resynthesis Optimization                                       ; Off                ; Off                ;
; Analysis & Synthesis Message Level                                         ; Medium             ; Medium             ;
; Disable Register Merging Across Hierarchies                                ; Auto               ; Auto               ;
; Resource Aware Inference For Block RAM                                     ; On                 ; On                 ;
+----------------------------------------------------------------------------+--------------------+--------------------+


+------------------------------------------+
; Parallel Compilation                     ;
+----------------------------+-------------+
; Processors                 ; Number      ;
+----------------------------+-------------+
; Number detected on machine ; 4           ;
; Maximum allowed            ; 2           ;
;                            ;             ;
; Average used               ; 1.00        ;
; Maximum used               ; 2           ;
;                            ;             ;
; Usage by Processor         ; % Time Used ;
;     Processor 1            ; 100.0%      ;
;     Processor 2            ;   0.0%      ;
+----------------------------+-------------+


+------------------------------------------------------------------------------------------------------------------------------------------------------------------------------+
; Analysis & Synthesis Source Files Read                                                                                                                                       ;
+-----------------------------------------+-----------------+------------------------+-------------------------------------------------------------------------------+---------+
; File Name with User-Entered Path        ; Used in Netlist ; File Type              ; File Name with Absolute Path                                                  ; Library ;
+-----------------------------------------+-----------------+------------------------+-------------------------------------------------------------------------------+---------+
; rtl/imagen/PINTAR_MATRIZ.v              ; yes             ; User Verilog HDL File  ; C:/Users/Felipe/git/frogger_excercise/rtl/imagen/PINTAR_MATRIZ.v              ;         ;
; rtl/imagen/PINTAR_DATA_DEMUX.v          ; yes             ; User Verilog HDL File  ; C:/Users/Felipe/git/frogger_excercise/rtl/imagen/PINTAR_DATA_DEMUX.v          ;         ;
; rtl/imagen/imagen.v                     ; yes             ; User Verilog HDL File  ; C:/Users/Felipe/git/frogger_excercise/rtl/imagen/imagen.v                     ;         ;
; rtl/max7219_ctrl/shift_reg_start_done.v ; yes             ; User Verilog HDL File  ; C:/Users/Felipe/git/frogger_excercise/rtl/max7219_ctrl/shift_reg_start_done.v ;         ;
; rtl/max7219_ctrl/matrix_ctrl.v          ; yes             ; User Verilog HDL File  ; C:/Users/Felipe/git/frogger_excercise/rtl/max7219_ctrl/matrix_ctrl.v          ;         ;
; System.v                                ; yes             ; User Verilog HDL File  ; C:/Users/Felipe/git/frogger_excercise/System.v                                ;         ;
+-----------------------------------------+-----------------+------------------------+-------------------------------------------------------------------------------+---------+


+-----------------------------------------------------------+
; Analysis & Synthesis Resource Usage Summary               ;
+---------------------------------------------+-------------+
; Resource                                    ; Usage       ;
+---------------------------------------------+-------------+
; Estimated Total logic elements              ; 81          ;
;                                             ;             ;
; Total combinational functions               ; 81          ;
; Logic element usage by number of LUT inputs ;             ;
;     -- 4 input functions                    ; 35          ;
;     -- 3 input functions                    ; 19          ;
;     -- <=2 input functions                  ; 27          ;
;                                             ;             ;
; Logic elements by mode                      ;             ;
;     -- normal mode                          ; 66          ;
;     -- arithmetic mode                      ; 15          ;
;                                             ;             ;
; Total registers                             ; 53          ;
;     -- Dedicated logic registers            ; 53          ;
;     -- I/O registers                        ; 0           ;
;                                             ;             ;
; I/O pins                                    ; 82          ;
;                                             ;             ;
; Embedded Multiplier 9-bit elements          ; 0           ;
;                                             ;             ;
; Maximum fan-out node                        ; RESET~input ;
; Maximum fan-out                             ; 53          ;
; Total fan-out                               ; 543         ;
; Average fan-out                             ; 1.82        ;
+---------------------------------------------+-------------+


+---------------------------------------------------------------------------------------------------------------------------------------------------------------------------------------------------------------------------------------------------------------------------------------------------------------------+
; Analysis & Synthesis Resource Utilization by Entity                                                                                                                                                                                                                                                                 ;
+----------------------------------------------------------+---------------------+---------------------------+-------------+--------------+---------+-----------+------+--------------+-----------------------------------------------------------------------------------------+----------------------+--------------+
; Compilation Hierarchy Node                               ; Combinational ALUTs ; Dedicated Logic Registers ; Memory Bits ; DSP Elements ; DSP 9x9 ; DSP 18x18 ; Pins ; Virtual Pins ; Full Hierarchy Name                                                                     ; Entity Name          ; Library Name ;
+----------------------------------------------------------+---------------------+---------------------------+-------------+--------------+---------+-----------+------+--------------+-----------------------------------------------------------------------------------------+----------------------+--------------+
; |system                                                  ; 81 (0)              ; 53 (0)                    ; 0           ; 0            ; 0       ; 0         ; 82   ; 0            ; |system                                                                                 ; system               ; work         ;
;    |matrix_ctrl:matrix_ctrl_unit_0|                      ; 81 (32)             ; 53 (21)                   ; 0           ; 0            ; 0       ; 0         ; 0    ; 0            ; |system|matrix_ctrl:matrix_ctrl_unit_0                                                  ; matrix_ctrl          ; work         ;
;       |shift_reg_start_done:shift_reg_start_done_unit_0| ; 49 (49)             ; 32 (32)                   ; 0           ; 0            ; 0       ; 0         ; 0    ; 0            ; |system|matrix_ctrl:matrix_ctrl_unit_0|shift_reg_start_done:shift_reg_start_done_unit_0 ; shift_reg_start_done ; work         ;
+----------------------------------------------------------+---------------------+---------------------------+-------------+--------------+---------+-----------+------+--------------+-----------------------------------------------------------------------------------------+----------------------+--------------+
Note: For table entries with two numbers listed, the numbers in parentheses indicate the number of resources of the given type used by the specific entity alone. The numbers listed outside of parentheses indicate the total resources of the given type used by the specific entity and all of its sub-entities in the hierarchy.


Encoding Type:  One-Hot
+-------------------------------------------------------------------------------------------------------------------------------------------------------------------------------------------------------------------------------------------------------------------------------------------------------------------------------------------------------------------------------------------------------------------------------------------------------------------------------------------------------------------------------------------------------------+
; State Machine - |system|matrix_ctrl:matrix_ctrl_unit_0|state_reg                                                                                                                                                                                                                                                                                                                                                                                                                                                                                            ;
+----------------------------------------+----------------------------------------+----------------------------+------------------------------------+------------------------+------------------------------------+------------------------+-------------------------------------+-------------------------+---------------------------------+---------------------+---------------------------------------+---------------------------+------------------------------------+------------------------+---------------------+-----------------+----------------+
; Name                                   ; state_reg.DISPLAY_TEST_OFF_WAIT2FINISH ; state_reg.DISPLAY_TEST_OFF ; state_reg.DISPLAY_TEST_WAIT2FINISH ; state_reg.DISPLAY_TEST ; state_reg.DIS_SHUTDOWN_WAIT2FINISH ; state_reg.DIS_SHUTDOWN ; state_reg.SET_SCAN_MODE_WAIT2FINISH ; state_reg.SET_SCAN_MODE ; state_reg.INTENSITY_WAIT2FINISH ; state_reg.INTENSITY ; state_reg.SET_DECODE_MODE_WAIT2FINISH ; state_reg.SET_DECODE_MODE ; state_reg.UPDATE_FRAME_WAIT2FINISH ; state_reg.UPDATE_FRAME ; state_reg.MAIN_LOOP ; state_reg.START ; state_reg.STOP ;
+----------------------------------------+----------------------------------------+----------------------------+------------------------------------+------------------------+------------------------------------+------------------------+-------------------------------------+-------------------------+---------------------------------+---------------------+---------------------------------------+---------------------------+------------------------------------+------------------------+---------------------+-----------------+----------------+
; state_reg.START                        ; 0                                      ; 0                          ; 0                                  ; 0                      ; 0                                  ; 0                      ; 0                                   ; 0                       ; 0                               ; 0                   ; 0                                     ; 0                         ; 0                                  ; 0                      ; 0                   ; 0               ; 0              ;
; state_reg.MAIN_LOOP                    ; 0                                      ; 0                          ; 0                                  ; 0                      ; 0                                  ; 0                      ; 0                                   ; 0                       ; 0                               ; 0                   ; 0                                     ; 0                         ; 0                                  ; 0                      ; 1                   ; 1               ; 0              ;
; state_reg.UPDATE_FRAME                 ; 0                                      ; 0                          ; 0                                  ; 0                      ; 0                                  ; 0                      ; 0                                   ; 0                       ; 0                               ; 0                   ; 0                                     ; 0                         ; 0                                  ; 1                      ; 0                   ; 1               ; 0              ;
; state_reg.UPDATE_FRAME_WAIT2FINISH     ; 0                                      ; 0                          ; 0                                  ; 0                      ; 0                                  ; 0                      ; 0                                   ; 0                       ; 0                               ; 0                   ; 0                                     ; 0                         ; 1                                  ; 0                      ; 0                   ; 1               ; 0              ;
; state_reg.SET_DECODE_MODE              ; 0                                      ; 0                          ; 0                                  ; 0                      ; 0                                  ; 0                      ; 0                                   ; 0                       ; 0                               ; 0                   ; 0                                     ; 1                         ; 0                                  ; 0                      ; 0                   ; 1               ; 0              ;
; state_reg.SET_DECODE_MODE_WAIT2FINISH  ; 0                                      ; 0                          ; 0                                  ; 0                      ; 0                                  ; 0                      ; 0                                   ; 0                       ; 0                               ; 0                   ; 1                                     ; 0                         ; 0                                  ; 0                      ; 0                   ; 1               ; 0              ;
; state_reg.INTENSITY                    ; 0                                      ; 0                          ; 0                                  ; 0                      ; 0                                  ; 0                      ; 0                                   ; 0                       ; 0                               ; 1                   ; 0                                     ; 0                         ; 0                                  ; 0                      ; 0                   ; 1               ; 0              ;
; state_reg.INTENSITY_WAIT2FINISH        ; 0                                      ; 0                          ; 0                                  ; 0                      ; 0                                  ; 0                      ; 0                                   ; 0                       ; 1                               ; 0                   ; 0                                     ; 0                         ; 0                                  ; 0                      ; 0                   ; 1               ; 0              ;
; state_reg.SET_SCAN_MODE                ; 0                                      ; 0                          ; 0                                  ; 0                      ; 0                                  ; 0                      ; 0                                   ; 1                       ; 0                               ; 0                   ; 0                                     ; 0                         ; 0                                  ; 0                      ; 0                   ; 1               ; 0              ;
; state_reg.SET_SCAN_MODE_WAIT2FINISH    ; 0                                      ; 0                          ; 0                                  ; 0                      ; 0                                  ; 0                      ; 1                                   ; 0                       ; 0                               ; 0                   ; 0                                     ; 0                         ; 0                                  ; 0                      ; 0                   ; 1               ; 0              ;
; state_reg.DIS_SHUTDOWN                 ; 0                                      ; 0                          ; 0                                  ; 0                      ; 0                                  ; 1                      ; 0                                   ; 0                       ; 0                               ; 0                   ; 0                                     ; 0                         ; 0                                  ; 0                      ; 0                   ; 1               ; 0              ;
; state_reg.DIS_SHUTDOWN_WAIT2FINISH     ; 0                                      ; 0                          ; 0                                  ; 0                      ; 1                                  ; 0                      ; 0                                   ; 0                       ; 0                               ; 0                   ; 0                                     ; 0                         ; 0                                  ; 0                      ; 0                   ; 1               ; 0              ;
; state_reg.DISPLAY_TEST                 ; 0                                      ; 0                          ; 0                                  ; 1                      ; 0                                  ; 0                      ; 0                                   ; 0                       ; 0                               ; 0                   ; 0                                     ; 0                         ; 0                                  ; 0                      ; 0                   ; 1               ; 0              ;
; state_reg.DISPLAY_TEST_WAIT2FINISH     ; 0                                      ; 0                          ; 1                                  ; 0                      ; 0                                  ; 0                      ; 0                                   ; 0                       ; 0                               ; 0                   ; 0                                     ; 0                         ; 0                                  ; 0                      ; 0                   ; 1               ; 0              ;
; state_reg.DISPLAY_TEST_OFF             ; 0                                      ; 1                          ; 0                                  ; 0                      ; 0                                  ; 0                      ; 0                                   ; 0                       ; 0                               ; 0                   ; 0                                     ; 0                         ; 0                                  ; 0                      ; 0                   ; 1               ; 0              ;
; state_reg.DISPLAY_TEST_OFF_WAIT2FINISH ; 1                                      ; 0                          ; 0                                  ; 0                      ; 0                                  ; 0                      ; 0                                   ; 0                       ; 0                               ; 0                   ; 0                                     ; 0                         ; 0                                  ; 0                      ; 0                   ; 1               ; 0              ;
; state_reg.STOP                         ; 0                                      ; 0                          ; 0                                  ; 0                      ; 0                                  ; 0                      ; 0                                   ; 0                       ; 0                               ; 0                   ; 0                                     ; 0                         ; 0                                  ; 0                      ; 0                   ; 1               ; 1              ;
+----------------------------------------+----------------------------------------+----------------------------+------------------------------------+------------------------+------------------------------------+------------------------+-------------------------------------+-------------------------+---------------------------------+---------------------+---------------------------------------+---------------------------+------------------------------------+------------------------+---------------------+-----------------+----------------+


+----------------------------------------------------------------------------------------------------------------------------------+
; User-Specified and Inferred Latches                                                                                              ;
+----------------------------------------------------+----------------------------------------------------+------------------------+
; Latch Name                                         ; Latch Enable Signal                                ; Free of Timing Hazards ;
+----------------------------------------------------+----------------------------------------------------+------------------------+
; matrix_ctrl:matrix_ctrl_unit_0|ctrl_sr[1]          ; matrix_ctrl:matrix_ctrl_unit_0|state_reg.MAIN_LOOP ; yes                    ;
; matrix_ctrl:matrix_ctrl_unit_0|ctrl_sr[0]          ; matrix_ctrl:matrix_ctrl_unit_0|state_reg.MAIN_LOOP ; yes                    ;
; Number of user-specified and inferred latches = 2  ;                                                    ;                        ;
+----------------------------------------------------+----------------------------------------------------+------------------------+
Note: All latches listed above may not be present at the end of synthesis due to various synthesis optimizations.


+------------------------------------------------------------------------------------------------------------+
; Registers Removed During Synthesis                                                                         ;
+-------------------------------------------------------------------+----------------------------------------+
; Register name                                                     ; Reason for Removal                     ;
+-------------------------------------------------------------------+----------------------------------------+
; matrix_ctrl:matrix_ctrl_unit_0|state_reg~4                        ; Lost fanout                            ;
; matrix_ctrl:matrix_ctrl_unit_0|state_reg~5                        ; Lost fanout                            ;
; matrix_ctrl:matrix_ctrl_unit_0|state_reg~6                        ; Lost fanout                            ;
; matrix_ctrl:matrix_ctrl_unit_0|state_reg~8                        ; Lost fanout                            ;
; matrix_ctrl:matrix_ctrl_unit_0|state_reg~9                        ; Lost fanout                            ;
; matrix_ctrl:matrix_ctrl_unit_0|state_reg~10                       ; Lost fanout                            ;
; matrix_ctrl:matrix_ctrl_unit_0|state_reg~11                       ; Lost fanout                            ;
; matrix_ctrl:matrix_ctrl_unit_0|state_reg.DISPLAY_TEST             ; Stuck at GND due to stuck port data_in ;
; matrix_ctrl:matrix_ctrl_unit_0|state_reg.STOP                     ; Stuck at GND due to stuck port data_in ;
; matrix_ctrl:matrix_ctrl_unit_0|state_reg.DISPLAY_TEST_WAIT2FINISH ; Stuck at GND due to stuck port data_in ;
; Total Number of Removed Registers = 10                            ;                                        ;
+-------------------------------------------------------------------+----------------------------------------+


+-------------------------------------------------------------------------------------------------------------------------------------------------------+
; Removed Registers Triggering Further Register Optimizations                                                                                           ;
+-------------------------------------------------------+---------------------------+-------------------------------------------------------------------+
; Register name                                         ; Reason for Removal        ; Registers Removed due to This Register                            ;
+-------------------------------------------------------+---------------------------+-------------------------------------------------------------------+
; matrix_ctrl:matrix_ctrl_unit_0|state_reg.DISPLAY_TEST ; Stuck at GND              ; matrix_ctrl:matrix_ctrl_unit_0|state_reg.DISPLAY_TEST_WAIT2FINISH ;
;                                                       ; due to stuck port data_in ;                                                                   ;
+-------------------------------------------------------+---------------------------+-------------------------------------------------------------------+


+------------------------------------------------------+
; General Register Statistics                          ;
+----------------------------------------------+-------+
; Statistic                                    ; Value ;
+----------------------------------------------+-------+
; Total registers                              ; 53    ;
; Number of registers using Synchronous Clear  ; 16    ;
; Number of registers using Synchronous Load   ; 7     ;
; Number of registers using Asynchronous Clear ; 53    ;
; Number of registers using Asynchronous Load  ; 0     ;
; Number of registers using Clock Enable       ; 16    ;
; Number of registers using Preset             ; 0     ;
+----------------------------------------------+-------+


+-------------------------------------------------------------------------------------------------------------------------------------------------------------------------------------------------------------------+
; Multiplexer Restructuring Statistics (Restructuring Performed)                                                                                                                                                    ;
+--------------------+-----------+---------------+----------------------+------------------------+------------+-----------------------------------------------------------------------------------------------------+
; Multiplexer Inputs ; Bus Width ; Baseline Area ; Area if Restructured ; Saving if Restructured ; Registered ; Example Multiplexer Output                                                                          ;
+--------------------+-----------+---------------+----------------------+------------------------+------------+-----------------------------------------------------------------------------------------------------+
; 3:1                ; 16 bits   ; 32 LEs        ; 16 LEs               ; 16 LEs                 ; Yes        ; |system|matrix_ctrl:matrix_ctrl_unit_0|shift_reg_start_done:shift_reg_start_done_unit_0|cnt_reg[15] ;
; 4:1                ; 6 bits    ; 12 LEs        ; 12 LEs               ; 0 LEs                  ; Yes        ; |system|matrix_ctrl:matrix_ctrl_unit_0|shift_reg_start_done:shift_reg_start_done_unit_0|r_reg[5]    ;
; 4:1                ; 7 bits    ; 14 LEs        ; 14 LEs               ; 0 LEs                  ; Yes        ; |system|matrix_ctrl:matrix_ctrl_unit_0|shift_reg_start_done:shift_reg_start_done_unit_0|r_reg[11]   ;
; 4:1                ; 2 bits    ; 4 LEs         ; 4 LEs                ; 0 LEs                  ; No         ; |system|matrix_ctrl:matrix_ctrl_unit_0|Selector3                                                    ;
+--------------------+-----------+---------------+----------------------+------------------------+------------+-----------------------------------------------------------------------------------------------------+


+------------------------------------------------------------------------+
; Parameter Settings for User Entity Instance: Top-level Entity: |system ;
+----------------+----------+--------------------------------------------+
; Parameter Name ; Value    ; Type                                       ;
+----------------+----------+--------------------------------------------+
; NOT_8          ; 00000000 ; Unsigned Binary                            ;
; NOT_3          ; 00000001 ; Unsigned Binary                            ;
+----------------+----------+--------------------------------------------+
Note: In order to hide this table in the UI and the text report file, please set the "Show Parameter Settings in Synthesis Report" option in "Analysis and Synthesis Settings -> More Settings" to "Off".


+------------------------------------------------------------------------------------------------------------------------------+
; Parameter Settings for User Entity Instance: matrix_ctrl:matrix_ctrl_unit_0|shift_reg_start_done:shift_reg_start_done_unit_0 ;
+----------------+-------+-----------------------------------------------------------------------------------------------------+
; Parameter Name ; Value ; Type                                                                                                ;
+----------------+-------+-----------------------------------------------------------------------------------------------------+
; N              ; 16    ; Signed Integer                                                                                      ;
+----------------+-------+-----------------------------------------------------------------------------------------------------+
Note: In order to hide this table in the UI and the text report file, please set the "Show Parameter Settings in Synthesis Report" option in "Analysis and Synthesis Settings -> More Settings" to "Off".


+-----------------------------------------------------------------------------+
; Parameter Settings for User Entity Instance: PINTAR_MATRIZ:PINTAR_MATRIZ_T1 ;
+--------------------+-------+------------------------------------------------+
; Parameter Name     ; Value ; Type                                           ;
+--------------------+-------+------------------------------------------------+
; DATAWIDTH_BUS      ; 8     ; Signed Integer                                 ;
; DATAWIDTH_SELECTOR ; 3     ; Signed Integer                                 ;
; DATAWIDTH_ESTADO   ; 3     ; Signed Integer                                 ;
; Inicio             ; 000   ; Unsigned Binary                                ;
; GanarJuego         ; 101   ; Unsigned Binary                                ;
; PerderJuego        ; 110   ; Unsigned Binary                                ;
; Seleccion1         ; 001   ; Unsigned Binary                                ;
; Seleccion2         ; 010   ; Unsigned Binary                                ;
; Seleccion3         ; 011   ; Unsigned Binary                                ;
; Seleccion4         ; 100   ; Unsigned Binary                                ;
; Juego              ; 111   ; Unsigned Binary                                ;
; Finalizar          ; 000   ; Unsigned Binary                                ;
+--------------------+-------+------------------------------------------------+
Note: In order to hide this table in the UI and the text report file, please set the "Show Parameter Settings in Synthesis Report" option in "Analysis and Synthesis Settings -> More Settings" to "Off".


+--------------------------------------------------------------------------------------------------------------------+
; Parameter Settings for User Entity Instance: PINTAR_MATRIZ:PINTAR_MATRIZ_T1|PINTAR_DATA_DEMUX:PINTAR_DATA_DEMUX_u1 ;
+--------------------+-------+---------------------------------------------------------------------------------------+
; Parameter Name     ; Value ; Type                                                                                  ;
+--------------------+-------+---------------------------------------------------------------------------------------+
; DATAWIDTH_SELECTOR ; 3     ; Signed Integer                                                                        ;
; DATAWIDTH_DATA     ; 8     ; Signed Integer                                                                        ;
; Inicio             ; 000   ; Unsigned Binary                                                                       ;
; GanarJuego         ; 101   ; Unsigned Binary                                                                       ;
; PerderJuego        ; 110   ; Unsigned Binary                                                                       ;
; Seleccion1         ; 001   ; Unsigned Binary                                                                       ;
; Seleccion2         ; 010   ; Unsigned Binary                                                                       ;
; Seleccion3         ; 011   ; Unsigned Binary                                                                       ;
; Seleccion4         ; 100   ; Unsigned Binary                                                                       ;
; Juego              ; 111   ; Unsigned Binary                                                                       ;
; Finalizar          ; 000   ; Unsigned Binary                                                                       ;
+--------------------+-------+---------------------------------------------------------------------------------------+
Note: In order to hide this table in the UI and the text report file, please set the "Show Parameter Settings in Synthesis Report" option in "Analysis and Synthesis Settings -> More Settings" to "Off".


+---------------------------------------------------------------------------------------------------------------------------------------------------------------------------------------------------------------------------------------------+
; Port Connectivity Checks: "PINTAR_MATRIZ:PINTAR_MATRIZ_T1"                                                                                                                                                                                  ;
+---------------------------------------+-------+----------+----------------------------------------------------------------------------------------------------------------------------------------------------------------------------------+
; Port                                  ; Type  ; Severity ; Details                                                                                                                                                                          ;
+---------------------------------------+-------+----------+----------------------------------------------------------------------------------------------------------------------------------------------------------------------------------+
; PINTAR_RANA_7_IN                      ; Input ; Info     ; Stuck at GND                                                                                                                                                                     ;
; PINTAR_RANA_6_IN                      ; Input ; Info     ; Stuck at GND                                                                                                                                                                     ;
; PINTAR_RANA_5_IN                      ; Input ; Info     ; Stuck at GND                                                                                                                                                                     ;
; PINTAR_RANA_4_IN                      ; Input ; Info     ; Stuck at GND                                                                                                                                                                     ;
; PINTAR_RANA_3_IN                      ; Input ; Info     ; Stuck at GND                                                                                                                                                                     ;
; PINTAR_RANA_2_IN                      ; Input ; Info     ; Stuck at GND                                                                                                                                                                     ;
; PINTAR_RANA_1_IN                      ; Input ; Info     ; Stuck at GND                                                                                                                                                                     ;
; PINTAR_RANA_0_IN                      ; Input ; Info     ; Stuck at GND                                                                                                                                                                     ;
; PINTAR_VEHICULOSD_IN                  ; Input ; Info     ; Stuck at GND                                                                                                                                                                     ;
; PINTAR_VEHICULOSI_IN                  ; Input ; Info     ; Stuck at GND                                                                                                                                                                     ;
; PINTAR_MENU_PRINCIPAL_ESTADO_IN       ; Input ; Warning  ; Input port expression (8 bits) is wider than the input port (3 bits) it drives.  The 5 most-significant bit(s) in the expression will be dangling if they have no other fanouts. ;
; PINTAR_MENU_PRINCIPAL_ESTADO_IN[2..1] ; Input ; Info     ; Stuck at GND                                                                                                                                                                     ;
; PINTAR_MENU_PRINCIPAL_ESTADO_IN[0]    ; Input ; Info     ; Stuck at VCC                                                                                                                                                                     ;
+---------------------------------------+-------+----------+----------------------------------------------------------------------------------------------------------------------------------------------------------------------------------+


+-------------------------------------------------------------------------------------------------------------+
; Port Connectivity Checks: "matrix_ctrl:matrix_ctrl_unit_0|shift_reg_start_done:shift_reg_start_done_unit_0" ;
+-----------+-------+----------+------------------------------------------------------------------------------+
; Port      ; Type  ; Severity ; Details                                                                      ;
+-----------+-------+----------+------------------------------------------------------------------------------+
; d[15..12] ; Input ; Info     ; Stuck at GND                                                                 ;
+-----------+-------+----------+------------------------------------------------------------------------------+


+------------------------------------------------------------+
; Port Connectivity Checks: "matrix_ctrl:matrix_ctrl_unit_0" ;
+--------------+-------+----------+--------------------------+
; Port         ; Type  ; Severity ; Details                  ;
+--------------+-------+----------+--------------------------+
; intensity[3] ; Input ; Info     ; Stuck at VCC             ;
; intensity[2] ; Input ; Info     ; Stuck at GND             ;
; intensity[1] ; Input ; Info     ; Stuck at VCC             ;
; intensity[0] ; Input ; Info     ; Stuck at GND             ;
+--------------+-------+----------+--------------------------+


+-----------------------------------------------------+
; Post-Synthesis Netlist Statistics for Top Partition ;
+-----------------------+-----------------------------+
; Type                  ; Count                       ;
+-----------------------+-----------------------------+
; boundary_port         ; 82                          ;
; cycloneiii_ff         ; 53                          ;
;     CLR               ; 21                          ;
;     CLR SCLR          ; 16                          ;
;     ENA CLR           ; 9                           ;
;     ENA CLR SLD       ; 7                           ;
; cycloneiii_lcell_comb ; 85                          ;
;     arith             ; 15                          ;
;         2 data inputs ; 15                          ;
;     normal            ; 70                          ;
;         0 data inputs ; 2                           ;
;         1 data inputs ; 5                           ;
;         2 data inputs ; 9                           ;
;         3 data inputs ; 19                          ;
;         4 data inputs ; 35                          ;
;                       ;                             ;
; Max LUT depth         ; 4.00                        ;
; Average LUT depth     ; 2.27                        ;
+-----------------------+-----------------------------+


+-------------------------------+
; Elapsed Time Per Partition    ;
+----------------+--------------+
; Partition Name ; Elapsed Time ;
+----------------+--------------+
; Top            ; 00:00:01     ;
+----------------+--------------+


+-------------------------------+
; Analysis & Synthesis Messages ;
+-------------------------------+
Info: *******************************************************************
Info: Running Quartus Prime Analysis & Synthesis
    Info: Version 17.1.0 Build 590 10/25/2017 SJ Lite Edition
    Info: Processing started: Sun Apr 15 22:33:26 2018
Info: Command: quartus_map --read_settings_files=on --write_settings_files=off system -c system
Warning (18236): Number of processors has not been specified which may cause overloading on shared machines.  Set the global assignment NUM_PARALLEL_PROCESSORS in your QSF to an appropriate value for best performance.
Info (20030): Parallel compilation is enabled and will use 2 of the 2 processors detected
Info (12021): Found 1 design units, including 1 entities, in source file rtl/vehiculos/sc_vel.v
    Info (12023): Found entity 1: SC_VEL File: C:/Users/Felipe/git/frogger_excercise/rtl/vehiculos/SC_VEL.v Line: 4
Info (12021): Found 1 design units, including 1 entities, in source file rtl/vehiculos/sc_statemachine_nve.v
    Info (12023): Found entity 1: SC_STATEMACHINE_NVE File: C:/Users/Felipe/git/frogger_excercise/rtl/vehiculos/SC_STATEMACHINE_NVE.v Line: 4
Info (12021): Found 1 design units, including 1 entities, in source file rtl/vehiculos/sc_regdi.v
    Info (12023): Found entity 1: SC_REGDI File: C:/Users/Felipe/git/frogger_excercise/rtl/vehiculos/SC_REGDI.v Line: 4
Info (12021): Found 1 design units, including 1 entities, in source file rtl/vehiculos/sc_regdd.v
    Info (12023): Found entity 1: SC_REGDD File: C:/Users/Felipe/git/frogger_excercise/rtl/vehiculos/SC_REGDD.v Line: 4
Info (12021): Found 1 design units, including 1 entities, in source file rtl/vehiculos/regdi_nv.v
    Info (12023): Found entity 1: REGDI_NV File: C:/Users/Felipe/git/frogger_excercise/rtl/vehiculos/REGDI_NV.v Line: 4
Info (12021): Found 1 design units, including 1 entities, in source file rtl/vehiculos/regdd_nv.v
    Info (12023): Found entity 1: REGDD_NV File: C:/Users/Felipe/git/frogger_excercise/rtl/vehiculos/REGDD_NV.v Line: 4
Info (12021): Found 1 design units, including 1 entities, in source file rtl/vehiculos/nivel_vehiculos.v
    Info (12023): Found entity 1: NIVEL_VEHICULOS File: C:/Users/Felipe/git/frogger_excercise/rtl/vehiculos/NIVEL_VEHICULOS.v Line: 4
Info (12021): Found 1 design units, including 1 entities, in source file rtl/vehiculos/muxx41.v
    Info (12023): Found entity 1: MUXX41 File: C:/Users/Felipe/git/frogger_excercise/rtl/vehiculos/MUXX41.v Line: 27
Info (12021): Found 1 design units, including 1 entities, in source file rtl/vehiculos/menu_principal.v
    Info (12023): Found entity 1: MENU_PRINCIPAL File: C:/Users/Felipe/git/frogger_excercise/rtl/vehiculos/MENU_PRINCIPAL.v Line: 4
Info (12021): Found 1 design units, including 1 entities, in source file rtl/vehiculos/control_ranas.v
    Info (12023): Found entity 1: CONTROL_RANAS File: C:/Users/Felipe/git/frogger_excercise/rtl/vehiculos/CONTROL_RANAS.v Line: 4
Info (12021): Found 1 design units, including 1 entities, in source file rtl/rebote/rebote.v
    Info (12023): Found entity 1: rebote File: C:/Users/Felipe/git/frogger_excercise/rtl/rebote/rebote.v Line: 36
Info (12021): Found 1 design units, including 1 entities, in source file rtl/rebote/filtro.v
    Info (12023): Found entity 1: FILTRO File: C:/Users/Felipe/git/frogger_excercise/rtl/rebote/FILTRO.v Line: 4
Info (12021): Found 1 design units, including 1 entities, in source file rtl/rana/sc_statemachine_frog_mov.v
    Info (12023): Found entity 1: SC_STATEMACHINE_FROG_MOV File: C:/Users/Felipe/git/frogger_excercise/rtl/rana/SC_STATEMACHINE_FROG_MOV.v Line: 4
Info (12021): Found 1 design units, including 1 entities, in source file rtl/rana/rana.v
    Info (12023): Found entity 1: RANA File: C:/Users/Felipe/git/frogger_excercise/rtl/rana/rana.v Line: 4
Warning (12019): Can't analyze file -- file rtl/rana/output_A_Pintar.v is missing
Warning (10238): Verilog Module Declaration warning at DEMUX38.v(9): ignored anonymous port(s) indicated by duplicate or dangling comma(s) in the port list for module "DEMUX38" File: C:/Users/Felipe/git/frogger_excercise/rtl/rana/DEMUX38.v Line: 9
Info (12021): Found 1 design units, including 1 entities, in source file rtl/rana/demux38.v
    Info (12023): Found entity 1: DEMUX38 File: C:/Users/Felipe/git/frogger_excercise/rtl/rana/DEMUX38.v Line: 4
Warning (12019): Can't analyze file -- file rtl/rana/contador_Ranas_Logradas.v is missing
Warning (12019): Can't analyze file -- file rtl/rana/contador_Posicion.v is missing
Info (12021): Found 1 design units, including 1 entities, in source file rtl/imagen/pintar_matriz.v
    Info (12023): Found entity 1: PINTAR_MATRIZ File: C:/Users/Felipe/git/frogger_excercise/rtl/imagen/PINTAR_MATRIZ.v Line: 4
Info (12021): Found 1 design units, including 1 entities, in source file rtl/imagen/pintar_data_demux.v
    Info (12023): Found entity 1: PINTAR_DATA_DEMUX File: C:/Users/Felipe/git/frogger_excercise/rtl/imagen/PINTAR_DATA_DEMUX.v Line: 4
Info (12021): Found 1 design units, including 1 entities, in source file rtl/imagen/imagen.v
    Info (12023): Found entity 1: imagen File: C:/Users/Felipe/git/frogger_excercise/rtl/imagen/imagen.v Line: 12
Info (12021): Found 1 design units, including 1 entities, in source file rtl/max7219_ctrl/shift_reg_start_done.v
    Info (12023): Found entity 1: shift_reg_start_done File: C:/Users/Felipe/git/frogger_excercise/rtl/max7219_ctrl/shift_reg_start_done.v Line: 34
Info (12021): Found 1 design units, including 1 entities, in source file rtl/max7219_ctrl/matrix_ctrl.v
    Info (12023): Found entity 1: matrix_ctrl File: C:/Users/Felipe/git/frogger_excercise/rtl/max7219_ctrl/matrix_ctrl.v Line: 37
Info (12021): Found 1 design units, including 1 entities, in source file system.v
    Info (12023): Found entity 1: system File: C:/Users/Felipe/git/frogger_excercise/System.v Line: 6
Warning (10222): Verilog HDL Parameter Declaration warning at SC_STATEMACHINE_NVE.v(22): Parameter Declaration in module "SC_STATEMACHINE_NVE" behaves as a Local Parameter Declaration because the module has a Module Parameter Port List File: C:/Users/Felipe/git/frogger_excercise/rtl/vehiculos/SC_STATEMACHINE_NVE.v Line: 22
Warning (10222): Verilog HDL Parameter Declaration warning at SC_STATEMACHINE_NVE.v(23): Parameter Declaration in module "SC_STATEMACHINE_NVE" behaves as a Local Parameter Declaration because the module has a Module Parameter Port List File: C:/Users/Felipe/git/frogger_excercise/rtl/vehiculos/SC_STATEMACHINE_NVE.v Line: 23
Warning (10222): Verilog HDL Parameter Declaration warning at SC_STATEMACHINE_NVE.v(25): Parameter Declaration in module "SC_STATEMACHINE_NVE" behaves as a Local Parameter Declaration because the module has a Module Parameter Port List File: C:/Users/Felipe/git/frogger_excercise/rtl/vehiculos/SC_STATEMACHINE_NVE.v Line: 25
Warning (10222): Verilog HDL Parameter Declaration warning at SC_STATEMACHINE_NVE.v(26): Parameter Declaration in module "SC_STATEMACHINE_NVE" behaves as a Local Parameter Declaration because the module has a Module Parameter Port List File: C:/Users/Felipe/git/frogger_excercise/rtl/vehiculos/SC_STATEMACHINE_NVE.v Line: 26
Warning (10222): Verilog HDL Parameter Declaration warning at SC_STATEMACHINE_NVE.v(27): Parameter Declaration in module "SC_STATEMACHINE_NVE" behaves as a Local Parameter Declaration because the module has a Module Parameter Port List File: C:/Users/Felipe/git/frogger_excercise/rtl/vehiculos/SC_STATEMACHINE_NVE.v Line: 27
Warning (10222): Verilog HDL Parameter Declaration warning at SC_STATEMACHINE_NVE.v(28): Parameter Declaration in module "SC_STATEMACHINE_NVE" behaves as a Local Parameter Declaration because the module has a Module Parameter Port List File: C:/Users/Felipe/git/frogger_excercise/rtl/vehiculos/SC_STATEMACHINE_NVE.v Line: 28
Warning (10222): Verilog HDL Parameter Declaration warning at SC_STATEMACHINE_NVE.v(29): Parameter Declaration in module "SC_STATEMACHINE_NVE" behaves as a Local Parameter Declaration because the module has a Module Parameter Port List File: C:/Users/Felipe/git/frogger_excercise/rtl/vehiculos/SC_STATEMACHINE_NVE.v Line: 29
Warning (10222): Verilog HDL Parameter Declaration warning at SC_STATEMACHINE_NVE.v(30): Parameter Declaration in module "SC_STATEMACHINE_NVE" behaves as a Local Parameter Declaration because the module has a Module Parameter Port List File: C:/Users/Felipe/git/frogger_excercise/rtl/vehiculos/SC_STATEMACHINE_NVE.v Line: 30
Warning (10222): Verilog HDL Parameter Declaration warning at SC_STATEMACHINE_NVE.v(31): Parameter Declaration in module "SC_STATEMACHINE_NVE" behaves as a Local Parameter Declaration because the module has a Module Parameter Port List File: C:/Users/Felipe/git/frogger_excercise/rtl/vehiculos/SC_STATEMACHINE_NVE.v Line: 31
Warning (10222): Verilog HDL Parameter Declaration warning at SC_STATEMACHINE_NVE.v(32): Parameter Declaration in module "SC_STATEMACHINE_NVE" behaves as a Local Parameter Declaration because the module has a Module Parameter Port List File: C:/Users/Felipe/git/frogger_excercise/rtl/vehiculos/SC_STATEMACHINE_NVE.v Line: 32
Warning (10222): Verilog HDL Parameter Declaration warning at SC_STATEMACHINE_NVE.v(33): Parameter Declaration in module "SC_STATEMACHINE_NVE" behaves as a Local Parameter Declaration because the module has a Module Parameter Port List File: C:/Users/Felipe/git/frogger_excercise/rtl/vehiculos/SC_STATEMACHINE_NVE.v Line: 33
Warning (10222): Verilog HDL Parameter Declaration warning at SC_STATEMACHINE_NVE.v(34): Parameter Declaration in module "SC_STATEMACHINE_NVE" behaves as a Local Parameter Declaration because the module has a Module Parameter Port List File: C:/Users/Felipe/git/frogger_excercise/rtl/vehiculos/SC_STATEMACHINE_NVE.v Line: 34
Warning (10222): Verilog HDL Parameter Declaration warning at REGDI_NV.v(18): Parameter Declaration in module "REGDI_NV" behaves as a Local Parameter Declaration because the module has a Module Parameter Port List File: C:/Users/Felipe/git/frogger_excercise/rtl/vehiculos/REGDI_NV.v Line: 18
Warning (10222): Verilog HDL Parameter Declaration warning at REGDI_NV.v(19): Parameter Declaration in module "REGDI_NV" behaves as a Local Parameter Declaration because the module has a Module Parameter Port List File: C:/Users/Felipe/git/frogger_excercise/rtl/vehiculos/REGDI_NV.v Line: 19
Warning (10222): Verilog HDL Parameter Declaration warning at REGDI_NV.v(20): Parameter Declaration in module "REGDI_NV" behaves as a Local Parameter Declaration because the module has a Module Parameter Port List File: C:/Users/Felipe/git/frogger_excercise/rtl/vehiculos/REGDI_NV.v Line: 20
Warning (10222): Verilog HDL Parameter Declaration warning at REGDI_NV.v(21): Parameter Declaration in module "REGDI_NV" behaves as a Local Parameter Declaration because the module has a Module Parameter Port List File: C:/Users/Felipe/git/frogger_excercise/rtl/vehiculos/REGDI_NV.v Line: 21
Warning (10222): Verilog HDL Parameter Declaration warning at REGDI_NV.v(22): Parameter Declaration in module "REGDI_NV" behaves as a Local Parameter Declaration because the module has a Module Parameter Port List File: C:/Users/Felipe/git/frogger_excercise/rtl/vehiculos/REGDI_NV.v Line: 22
Warning (10222): Verilog HDL Parameter Declaration warning at REGDI_NV.v(23): Parameter Declaration in module "REGDI_NV" behaves as a Local Parameter Declaration because the module has a Module Parameter Port List File: C:/Users/Felipe/git/frogger_excercise/rtl/vehiculos/REGDI_NV.v Line: 23
Warning (10222): Verilog HDL Parameter Declaration warning at REGDI_NV.v(24): Parameter Declaration in module "REGDI_NV" behaves as a Local Parameter Declaration because the module has a Module Parameter Port List File: C:/Users/Felipe/git/frogger_excercise/rtl/vehiculos/REGDI_NV.v Line: 24
Warning (10222): Verilog HDL Parameter Declaration warning at REGDD_NV.v(18): Parameter Declaration in module "REGDD_NV" behaves as a Local Parameter Declaration because the module has a Module Parameter Port List File: C:/Users/Felipe/git/frogger_excercise/rtl/vehiculos/REGDD_NV.v Line: 18
Warning (10222): Verilog HDL Parameter Declaration warning at REGDD_NV.v(19): Parameter Declaration in module "REGDD_NV" behaves as a Local Parameter Declaration because the module has a Module Parameter Port List File: C:/Users/Felipe/git/frogger_excercise/rtl/vehiculos/REGDD_NV.v Line: 19
Warning (10222): Verilog HDL Parameter Declaration warning at REGDD_NV.v(20): Parameter Declaration in module "REGDD_NV" behaves as a Local Parameter Declaration because the module has a Module Parameter Port List File: C:/Users/Felipe/git/frogger_excercise/rtl/vehiculos/REGDD_NV.v Line: 20
Warning (10222): Verilog HDL Parameter Declaration warning at REGDD_NV.v(21): Parameter Declaration in module "REGDD_NV" behaves as a Local Parameter Declaration because the module has a Module Parameter Port List File: C:/Users/Felipe/git/frogger_excercise/rtl/vehiculos/REGDD_NV.v Line: 21
Warning (10222): Verilog HDL Parameter Declaration warning at REGDD_NV.v(22): Parameter Declaration in module "REGDD_NV" behaves as a Local Parameter Declaration because the module has a Module Parameter Port List File: C:/Users/Felipe/git/frogger_excercise/rtl/vehiculos/REGDD_NV.v Line: 22
Warning (10222): Verilog HDL Parameter Declaration warning at REGDD_NV.v(23): Parameter Declaration in module "REGDD_NV" behaves as a Local Parameter Declaration because the module has a Module Parameter Port List File: C:/Users/Felipe/git/frogger_excercise/rtl/vehiculos/REGDD_NV.v Line: 23
Warning (10222): Verilog HDL Parameter Declaration warning at REGDD_NV.v(24): Parameter Declaration in module "REGDD_NV" behaves as a Local Parameter Declaration because the module has a Module Parameter Port List File: C:/Users/Felipe/git/frogger_excercise/rtl/vehiculos/REGDD_NV.v Line: 24
Info (12127): Elaborating entity "system" for the top level hierarchy
Warning (10034): Output port "LED[6..4]" at System.v(58) has no driver File: C:/Users/Felipe/git/frogger_excercise/System.v Line: 58
Info (12128): Elaborating entity "matrix_ctrl" for hierarchy "matrix_ctrl:matrix_ctrl_unit_0" File: C:/Users/Felipe/git/frogger_excercise/System.v Line: 106
Warning (10230): Verilog HDL assignment warning at matrix_ctrl.v(66): truncated value with size 32 to match size of target (3) File: C:/Users/Felipe/git/frogger_excercise/rtl/max7219_ctrl/matrix_ctrl.v Line: 66
Warning (10230): Verilog HDL assignment warning at matrix_ctrl.v(67): truncated value with size 32 to match size of target (3) File: C:/Users/Felipe/git/frogger_excercise/rtl/max7219_ctrl/matrix_ctrl.v Line: 67
Warning (10230): Verilog HDL assignment warning at matrix_ctrl.v(234): truncated value with size 32 to match size of target (4) File: C:/Users/Felipe/git/frogger_excercise/rtl/max7219_ctrl/matrix_ctrl.v Line: 234
Warning (10240): Verilog HDL Always Construct warning at matrix_ctrl.v(128): inferring latch(es) for variable "ctrl_sr", which holds its previous value in one or more paths through the always construct File: C:/Users/Felipe/git/frogger_excercise/rtl/max7219_ctrl/matrix_ctrl.v Line: 128
Warning (10230): Verilog HDL assignment warning at matrix_ctrl.v(251): truncated value with size 32 to match size of target (3) File: C:/Users/Felipe/git/frogger_excercise/rtl/max7219_ctrl/matrix_ctrl.v Line: 251
Info (10041): Inferred latch for "ctrl_sr[0]" at matrix_ctrl.v(128) File: C:/Users/Felipe/git/frogger_excercise/rtl/max7219_ctrl/matrix_ctrl.v Line: 128
Info (10041): Inferred latch for "ctrl_sr[1]" at matrix_ctrl.v(128) File: C:/Users/Felipe/git/frogger_excercise/rtl/max7219_ctrl/matrix_ctrl.v Line: 128
Info (12128): Elaborating entity "shift_reg_start_done" for hierarchy "matrix_ctrl:matrix_ctrl_unit_0|shift_reg_start_done:shift_reg_start_done_unit_0" File: C:/Users/Felipe/git/frogger_excercise/rtl/max7219_ctrl/matrix_ctrl.v Line: 86
Warning (10230): Verilog HDL assignment warning at shift_reg_start_done.v(68): truncated value with size 32 to match size of target (16) File: C:/Users/Felipe/git/frogger_excercise/rtl/max7219_ctrl/shift_reg_start_done.v Line: 68
Info (12128): Elaborating entity "imagen" for hierarchy "imagen:imagen_1" File: C:/Users/Felipe/git/frogger_excercise/System.v Line: 119
Info (12128): Elaborating entity "PINTAR_MATRIZ" for hierarchy "PINTAR_MATRIZ:PINTAR_MATRIZ_T1" File: C:/Users/Felipe/git/frogger_excercise/System.v Line: 146
Info (12128): Elaborating entity "PINTAR_DATA_DEMUX" for hierarchy "PINTAR_MATRIZ:PINTAR_MATRIZ_T1|PINTAR_DATA_DEMUX:PINTAR_DATA_DEMUX_u1" File: C:/Users/Felipe/git/frogger_excercise/rtl/imagen/PINTAR_MATRIZ.v Line: 104
Warning (12241): 1 hierarchies have connectivity warnings - see the Connectivity Checks report folder
Warning (13024): Output pins are stuck at VCC or GND
    Warning (13410): Pin "LED[4]" is stuck at GND File: C:/Users/Felipe/git/frogger_excercise/System.v Line: 58
    Warning (13410): Pin "LED[5]" is stuck at GND File: C:/Users/Felipe/git/frogger_excercise/System.v Line: 58
    Warning (13410): Pin "LED[6]" is stuck at GND File: C:/Users/Felipe/git/frogger_excercise/System.v Line: 58
    Warning (13410): Pin "led_final_7_tester[0]" is stuck at GND File: C:/Users/Felipe/git/frogger_excercise/System.v Line: 66
    Warning (13410): Pin "led_final_7_tester[1]" is stuck at GND File: C:/Users/Felipe/git/frogger_excercise/System.v Line: 66
    Warning (13410): Pin "led_final_7_tester[2]" is stuck at GND File: C:/Users/Felipe/git/frogger_excercise/System.v Line: 66
    Warning (13410): Pin "led_final_7_tester[3]" is stuck at VCC File: C:/Users/Felipe/git/frogger_excercise/System.v Line: 66
    Warning (13410): Pin "led_final_7_tester[4]" is stuck at GND File: C:/Users/Felipe/git/frogger_excercise/System.v Line: 66
    Warning (13410): Pin "led_final_7_tester[5]" is stuck at GND File: C:/Users/Felipe/git/frogger_excercise/System.v Line: 66
    Warning (13410): Pin "led_final_7_tester[6]" is stuck at GND File: C:/Users/Felipe/git/frogger_excercise/System.v Line: 66
    Warning (13410): Pin "led_final_7_tester[7]" is stuck at GND File: C:/Users/Felipe/git/frogger_excercise/System.v Line: 66
    Warning (13410): Pin "led_final_6_tester[0]" is stuck at GND File: C:/Users/Felipe/git/frogger_excercise/System.v Line: 67
    Warning (13410): Pin "led_final_6_tester[1]" is stuck at GND File: C:/Users/Felipe/git/frogger_excercise/System.v Line: 67
    Warning (13410): Pin "led_final_6_tester[2]" is stuck at GND File: C:/Users/Felipe/git/frogger_excercise/System.v Line: 67
    Warning (13410): Pin "led_final_6_tester[3]" is stuck at VCC File: C:/Users/Felipe/git/frogger_excercise/System.v Line: 67
    Warning (13410): Pin "led_final_6_tester[4]" is stuck at VCC File: C:/Users/Felipe/git/frogger_excercise/System.v Line: 67
    Warning (13410): Pin "led_final_6_tester[5]" is stuck at GND File: C:/Users/Felipe/git/frogger_excercise/System.v Line: 67
    Warning (13410): Pin "led_final_6_tester[6]" is stuck at GND File: C:/Users/Felipe/git/frogger_excercise/System.v Line: 67
    Warning (13410): Pin "led_final_6_tester[7]" is stuck at GND File: C:/Users/Felipe/git/frogger_excercise/System.v Line: 67
    Warning (13410): Pin "led_final_5_tester[0]" is stuck at GND File: C:/Users/Felipe/git/frogger_excercise/System.v Line: 68
    Warning (13410): Pin "led_final_5_tester[1]" is stuck at GND File: C:/Users/Felipe/git/frogger_excercise/System.v Line: 68
    Warning (13410): Pin "led_final_5_tester[2]" is stuck at GND File: C:/Users/Felipe/git/frogger_excercise/System.v Line: 68
    Warning (13410): Pin "led_final_5_tester[3]" is stuck at VCC File: C:/Users/Felipe/git/frogger_excercise/System.v Line: 68
    Warning (13410): Pin "led_final_5_tester[4]" is stuck at GND File: C:/Users/Felipe/git/frogger_excercise/System.v Line: 68
    Warning (13410): Pin "led_final_5_tester[5]" is stuck at GND File: C:/Users/Felipe/git/frogger_excercise/System.v Line: 68
    Warning (13410): Pin "led_final_5_tester[6]" is stuck at GND File: C:/Users/Felipe/git/frogger_excercise/System.v Line: 68
    Warning (13410): Pin "led_final_5_tester[7]" is stuck at GND File: C:/Users/Felipe/git/frogger_excercise/System.v Line: 68
    Warning (13410): Pin "led_final_4_tester[0]" is stuck at GND File: C:/Users/Felipe/git/frogger_excercise/System.v Line: 69
    Warning (13410): Pin "led_final_4_tester[1]" is stuck at GND File: C:/Users/Felipe/git/frogger_excercise/System.v Line: 69
    Warning (13410): Pin "led_final_4_tester[2]" is stuck at GND File: C:/Users/Felipe/git/frogger_excercise/System.v Line: 69
    Warning (13410): Pin "led_final_4_tester[3]" is stuck at VCC File: C:/Users/Felipe/git/frogger_excercise/System.v Line: 69
    Warning (13410): Pin "led_final_4_tester[4]" is stuck at GND File: C:/Users/Felipe/git/frogger_excercise/System.v Line: 69
    Warning (13410): Pin "led_final_4_tester[5]" is stuck at GND File: C:/Users/Felipe/git/frogger_excercise/System.v Line: 69
    Warning (13410): Pin "led_final_4_tester[6]" is stuck at GND File: C:/Users/Felipe/git/frogger_excercise/System.v Line: 69
    Warning (13410): Pin "led_final_4_tester[7]" is stuck at GND File: C:/Users/Felipe/git/frogger_excercise/System.v Line: 69
    Warning (13410): Pin "led_final_3_tester[0]" is stuck at GND File: C:/Users/Felipe/git/frogger_excercise/System.v Line: 70
    Warning (13410): Pin "led_final_3_tester[1]" is stuck at GND File: C:/Users/Felipe/git/frogger_excercise/System.v Line: 70
    Warning (13410): Pin "led_final_3_tester[2]" is stuck at GND File: C:/Users/Felipe/git/frogger_excercise/System.v Line: 70
    Warning (13410): Pin "led_final_3_tester[3]" is stuck at VCC File: C:/Users/Felipe/git/frogger_excercise/System.v Line: 70
    Warning (13410): Pin "led_final_3_tester[4]" is stuck at GND File: C:/Users/Felipe/git/frogger_excercise/System.v Line: 70
    Warning (13410): Pin "led_final_3_tester[5]" is stuck at GND File: C:/Users/Felipe/git/frogger_excercise/System.v Line: 70
    Warning (13410): Pin "led_final_3_tester[6]" is stuck at GND File: C:/Users/Felipe/git/frogger_excercise/System.v Line: 70
    Warning (13410): Pin "led_final_3_tester[7]" is stuck at GND File: C:/Users/Felipe/git/frogger_excercise/System.v Line: 70
    Warning (13410): Pin "led_final_2_tester[0]" is stuck at GND File: C:/Users/Felipe/git/frogger_excercise/System.v Line: 71
    Warning (13410): Pin "led_final_2_tester[1]" is stuck at GND File: C:/Users/Felipe/git/frogger_excercise/System.v Line: 71
    Warning (13410): Pin "led_final_2_tester[2]" is stuck at GND File: C:/Users/Felipe/git/frogger_excercise/System.v Line: 71
    Warning (13410): Pin "led_final_2_tester[3]" is stuck at VCC File: C:/Users/Felipe/git/frogger_excercise/System.v Line: 71
    Warning (13410): Pin "led_final_2_tester[4]" is stuck at GND File: C:/Users/Felipe/git/frogger_excercise/System.v Line: 71
    Warning (13410): Pin "led_final_2_tester[5]" is stuck at GND File: C:/Users/Felipe/git/frogger_excercise/System.v Line: 71
    Warning (13410): Pin "led_final_2_tester[6]" is stuck at GND File: C:/Users/Felipe/git/frogger_excercise/System.v Line: 71
    Warning (13410): Pin "led_final_2_tester[7]" is stuck at GND File: C:/Users/Felipe/git/frogger_excercise/System.v Line: 71
    Warning (13410): Pin "led_final_1_tester[0]" is stuck at GND File: C:/Users/Felipe/git/frogger_excercise/System.v Line: 72
    Warning (13410): Pin "led_final_1_tester[1]" is stuck at GND File: C:/Users/Felipe/git/frogger_excercise/System.v Line: 72
    Warning (13410): Pin "led_final_1_tester[2]" is stuck at GND File: C:/Users/Felipe/git/frogger_excercise/System.v Line: 72
    Warning (13410): Pin "led_final_1_tester[3]" is stuck at VCC File: C:/Users/Felipe/git/frogger_excercise/System.v Line: 72
    Warning (13410): Pin "led_final_1_tester[4]" is stuck at GND File: C:/Users/Felipe/git/frogger_excercise/System.v Line: 72
    Warning (13410): Pin "led_final_1_tester[5]" is stuck at GND File: C:/Users/Felipe/git/frogger_excercise/System.v Line: 72
    Warning (13410): Pin "led_final_1_tester[6]" is stuck at GND File: C:/Users/Felipe/git/frogger_excercise/System.v Line: 72
    Warning (13410): Pin "led_final_1_tester[7]" is stuck at GND File: C:/Users/Felipe/git/frogger_excercise/System.v Line: 72
    Warning (13410): Pin "led_final_0_tester[0]" is stuck at GND File: C:/Users/Felipe/git/frogger_excercise/System.v Line: 73
    Warning (13410): Pin "led_final_0_tester[1]" is stuck at GND File: C:/Users/Felipe/git/frogger_excercise/System.v Line: 73
    Warning (13410): Pin "led_final_0_tester[2]" is stuck at VCC File: C:/Users/Felipe/git/frogger_excercise/System.v Line: 73
    Warning (13410): Pin "led_final_0_tester[3]" is stuck at VCC File: C:/Users/Felipe/git/frogger_excercise/System.v Line: 73
    Warning (13410): Pin "led_final_0_tester[4]" is stuck at VCC File: C:/Users/Felipe/git/frogger_excercise/System.v Line: 73
    Warning (13410): Pin "led_final_0_tester[5]" is stuck at GND File: C:/Users/Felipe/git/frogger_excercise/System.v Line: 73
    Warning (13410): Pin "led_final_0_tester[6]" is stuck at GND File: C:/Users/Felipe/git/frogger_excercise/System.v Line: 73
    Warning (13410): Pin "led_final_0_tester[7]" is stuck at GND File: C:/Users/Felipe/git/frogger_excercise/System.v Line: 73
Info (286030): Timing-Driven Synthesis is running
Info (17049): 7 registers lost all their fanouts during netlist optimizations.
Info (144001): Generated suppressed messages file C:/Users/Felipe/git/frogger_excercise/system.map.smsg
Info (16010): Generating hard_block partition "hard_block:auto_generated_inst"
    Info (16011): Adding 0 node(s), including 0 DDIO, 0 PLL, 0 transceiver and 0 LCELL
Info (21057): Implemented 164 device resources after synthesis - the final resource count might be different
    Info (21058): Implemented 7 input pins
    Info (21059): Implemented 75 output pins
    Info (21061): Implemented 82 logic cells
Info: Quartus Prime Analysis & Synthesis was successful. 0 errors, 107 warnings
    Info: Peak virtual memory: 665 megabytes
    Info: Processing ended: Sun Apr 15 22:33:52 2018
    Info: Elapsed time: 00:00:26
    Info: Total CPU time (on all processors): 00:00:48


+------------------------------------------+
; Analysis & Synthesis Suppressed Messages ;
+------------------------------------------+
The suppressed messages can be found in C:/Users/Felipe/git/frogger_excercise/system.map.smsg.


